2025-04-07 00:19:31 [http-nio-9090-exec-1] INFO  c.a.b.c.AuthenticationController - Requisição para registro de usuário.
2025-04-07 00:19:31 [http-nio-9090-exec-1] INFO  c.a.b.c.AuthenticationController - Usuário registrado com sucesso.
2025-04-07 00:19:39 [http-nio-9090-exec-3] INFO  c.a.b.c.AuthenticationController - Requisição de login para usuário: alex
2025-04-07 00:19:39 [http-nio-9090-exec-3] INFO  c.a.b.i.service.AuthorizationService - loadUserByUsername acionado, buscando por usuário: alex
2025-04-07 00:19:39 [http-nio-9090-exec-3] INFO  c.a.b.c.AuthenticationController - Login bem sucedido e autenticado para o usuário: alex.
2025-04-07 00:19:39 [http-nio-9090-exec-3] INFO  c.a.b.c.AuthenticationController - Token gerado para o usuário: alex
2025-04-07 00:20:07 [http-nio-9090-exec-4] INFO  c.a.b.controller.EnderecoController - Requisição informando o CEP a ser buscado e Token para autenticar o usuário recebida.
2025-04-07 00:20:07 [http-nio-9090-exec-4] INFO  c.a.b.controller.EnderecoController - Usuário autenticado com sucesso.
2025-04-07 00:20:07 [http-nio-9090-exec-4] INFO  c.a.b.infra.service.EnderecoService - Endereço não registrado localmente, tentativa de conexão à ViaCep inicializada.
2025-04-07 00:20:07 [http-nio-9090-exec-4] INFO  c.a.b.infra.service.EnderecoService - Método para buscar endereço acionado, argumento cep: 24900435
2025-04-07 00:20:07 [http-nio-9090-exec-4] INFO  c.a.b.infra.service.CepService - Requisição para ViaCep montada. URL: https://viacep.com.br/ws/24900435/json/
2025-04-07 00:20:08 [http-nio-9090-exec-4] INFO  c.a.b.infra.service.EnderecoService - Conexão com ViaCep bem sucedida
2025-04-07 00:20:08 [http-nio-9090-exec-4] INFO  c.a.b.infra.service.EnderecoService - Endereço encontrado.
2025-04-07 00:20:08 [http-nio-9090-exec-4] INFO  c.a.b.infra.service.EnderecoService - EnderecoDTO convertido para Endereco e salvo no banco de dados com sucesso.
2025-04-07 00:20:08 [http-nio-9090-exec-4] INFO  c.a.b.i.service.SalvarBuscaService - Método salvarBusca chamado.
2025-04-07 00:20:09 [http-nio-9090-exec-4] INFO  c.a.b.i.service.SalvarBuscaService - Instância de busca com data/hora, endereço e user criada e setada corretamente e salva no banco de dados.
2025-04-07 00:20:14 [http-nio-9090-exec-5] INFO  c.a.b.controller.EnderecoController - Requisição informando o CEP a ser buscado e Token para autenticar o usuário recebida.
2025-04-07 00:20:14 [http-nio-9090-exec-5] INFO  c.a.b.controller.EnderecoController - Usuário autenticado com sucesso.
2025-04-07 00:20:14 [http-nio-9090-exec-5] INFO  c.a.b.infra.service.EnderecoService - Endereço não registrado localmente, tentativa de conexão à ViaCep inicializada.
2025-04-07 00:20:14 [http-nio-9090-exec-5] INFO  c.a.b.infra.service.EnderecoService - Método para buscar endereço acionado, argumento cep: 24900820
2025-04-07 00:20:14 [http-nio-9090-exec-5] INFO  c.a.b.infra.service.CepService - Requisição para ViaCep montada. URL: https://viacep.com.br/ws/24900820/json/
2025-04-07 00:20:14 [http-nio-9090-exec-5] INFO  c.a.b.infra.service.EnderecoService - Conexão com ViaCep bem sucedida
2025-04-07 00:20:14 [http-nio-9090-exec-5] INFO  c.a.b.infra.service.EnderecoService - Endereço encontrado.
2025-04-07 00:20:14 [http-nio-9090-exec-5] INFO  c.a.b.infra.service.EnderecoService - EnderecoDTO convertido para Endereco e salvo no banco de dados com sucesso.
2025-04-07 00:20:14 [http-nio-9090-exec-5] INFO  c.a.b.i.service.SalvarBuscaService - Método salvarBusca chamado.
2025-04-07 00:20:14 [http-nio-9090-exec-5] INFO  c.a.b.i.service.SalvarBuscaService - Instância de busca com data/hora, endereço e user criada e setada corretamente e salva no banco de dados.
2025-04-07 00:20:19 [http-nio-9090-exec-6] INFO  c.a.b.controller.EnderecoController - Requisição informando o CEP a ser buscado e Token para autenticar o usuário recebida.
2025-04-07 00:20:19 [http-nio-9090-exec-6] INFO  c.a.b.controller.EnderecoController - Usuário autenticado com sucesso.
2025-04-07 00:20:19 [http-nio-9090-exec-6] INFO  c.a.b.infra.service.EnderecoService - Endereço não registrado localmente, tentativa de conexão à ViaCep inicializada.
2025-04-07 00:20:19 [http-nio-9090-exec-6] INFO  c.a.b.infra.service.EnderecoService - Método para buscar endereço acionado, argumento cep: 24900000
2025-04-07 00:20:19 [http-nio-9090-exec-6] INFO  c.a.b.infra.service.CepService - Requisição para ViaCep montada. URL: https://viacep.com.br/ws/24900000/json/
2025-04-07 00:20:19 [http-nio-9090-exec-6] INFO  c.a.b.infra.service.EnderecoService - Conexão com ViaCep bem sucedida
2025-04-07 00:20:19 [http-nio-9090-exec-6] INFO  c.a.b.infra.service.EnderecoService - Endereço não encontrado.
2025-04-07 00:20:19 [http-nio-9090-exec-6] ERROR c.a.b.controller.EnderecoController - Nenhum endereço encontrado. Retorno 404
2025-04-07 00:20:25 [http-nio-9090-exec-7] INFO  c.a.b.controller.EnderecoController - Requisição para listar todos os endereços salvos no db com token para autenticar usuário.
2025-04-07 00:20:25 [http-nio-9090-exec-7] INFO  c.a.b.controller.EnderecoController - Usuário autenticado com sucesso.
2025-04-07 00:20:25 [http-nio-9090-exec-7] INFO  c.a.b.i.service.SalvarBuscaService - Método salvarBusca chamado.
2025-04-07 00:20:25 [http-nio-9090-exec-7] INFO  c.a.b.i.service.SalvarBuscaService - Instância de busca com data/hora e user criada e setada corretamente e salva no banco de dados.
2025-04-07 00:20:25 [http-nio-9090-exec-7] INFO  c.a.b.infra.service.EnderecoService - Busca por listagem de endereços requisitada por usuário: alex foi salva no DB.
2025-04-07 00:20:25 [http-nio-9090-exec-7] INFO  c.a.b.infra.service.EnderecoService - Busca por todos os registros de buscas atreladas à um endereço e a um usuário realizada.
2025-04-07 00:20:25 [http-nio-9090-exec-7] INFO  c.a.b.infra.service.EnderecoService - Busca por todos os registros de buscas feitas por um usuário realizada.
2025-04-07 00:20:25 [http-nio-9090-exec-7] INFO  c.a.b.infra.service.EnderecoService - Junção da lista - buscas e - userBuscas realizada com sucesso.
2025-04-07 01:04:58 [http-nio-9090-exec-1] INFO  c.a.b.controller.EnderecoController - Requisição para listar todos os endereços salvos no db com token para autenticar usuário.
2025-04-07 01:04:58 [http-nio-9090-exec-1] INFO  c.a.b.controller.EnderecoController - Usuário autenticado com sucesso.
2025-04-07 01:04:58 [http-nio-9090-exec-1] INFO  c.a.b.i.service.SalvarBuscaService - Método salvarBusca chamado.
2025-04-07 01:04:58 [http-nio-9090-exec-1] INFO  c.a.b.i.service.SalvarBuscaService - Instância de busca com data/hora e user criada e setada corretamente e salva no banco de dados.
2025-04-07 01:04:58 [http-nio-9090-exec-1] INFO  c.a.b.infra.service.EnderecoService - Busca por listagem de endereços requisitada por usuário: alex foi salva no DB.
2025-04-07 01:04:58 [http-nio-9090-exec-1] INFO  c.a.b.infra.service.EnderecoService - Busca por todos os registros de buscas atreladas à um endereço e a um usuário realizada.
2025-04-07 01:04:58 [http-nio-9090-exec-1] INFO  c.a.b.infra.service.EnderecoService - Busca por todos os registros de buscas feitas por um usuário realizada.
2025-04-07 01:04:58 [http-nio-9090-exec-1] INFO  c.a.b.infra.service.EnderecoService - Junção da lista - buscas e - userBuscas realizada com sucesso.
2025-04-07 01:05:11 [http-nio-9090-exec-4] INFO  c.a.b.controller.EnderecoController - Requisição informando o CEP a ser buscado e Token para autenticar o usuário recebida.
2025-04-07 01:05:11 [http-nio-9090-exec-4] INFO  c.a.b.controller.EnderecoController - Usuário autenticado com sucesso.
2025-04-07 01:05:11 [http-nio-9090-exec-4] INFO  c.a.b.infra.service.EnderecoService - Endereço não registrado localmente, tentativa de conexão à ViaCep inicializada.
2025-04-07 01:05:11 [http-nio-9090-exec-4] INFO  c.a.b.infra.service.EnderecoService - Método para buscar endereço acionado, argumento cep: 24900999
2025-04-07 01:05:11 [http-nio-9090-exec-4] INFO  c.a.b.infra.service.CepService - Requisição para ViaCep montada. URL: https://viacep.com.br/ws/24900999/json/
2025-04-07 01:05:12 [http-nio-9090-exec-4] INFO  c.a.b.infra.service.EnderecoService - Conexão com ViaCep bem sucedida
2025-04-07 01:05:12 [http-nio-9090-exec-4] INFO  c.a.b.infra.service.EnderecoService - Endereço não encontrado.
2025-04-07 01:05:12 [http-nio-9090-exec-4] ERROR c.a.b.controller.EnderecoController - Nenhum endereço encontrado. Retorno 404
2025-04-07 01:05:17 [http-nio-9090-exec-5] INFO  c.a.b.controller.EnderecoController - Requisição para listar todos os endereços salvos no db com token para autenticar usuário.
2025-04-07 01:05:17 [http-nio-9090-exec-5] INFO  c.a.b.controller.EnderecoController - Usuário autenticado com sucesso.
2025-04-07 01:05:17 [http-nio-9090-exec-5] INFO  c.a.b.i.service.SalvarBuscaService - Método salvarBusca chamado.
2025-04-07 01:05:17 [http-nio-9090-exec-5] INFO  c.a.b.i.service.SalvarBuscaService - Instância de busca com data/hora e user criada e setada corretamente e salva no banco de dados.
2025-04-07 01:05:17 [http-nio-9090-exec-5] INFO  c.a.b.infra.service.EnderecoService - Busca por listagem de endereços requisitada por usuário: alex foi salva no DB.
2025-04-07 01:05:17 [http-nio-9090-exec-5] INFO  c.a.b.infra.service.EnderecoService - Busca por todos os registros de buscas atreladas à um endereço e a um usuário realizada.
2025-04-07 01:05:17 [http-nio-9090-exec-5] INFO  c.a.b.infra.service.EnderecoService - Busca por todos os registros de buscas feitas por um usuário realizada.
2025-04-07 01:05:17 [http-nio-9090-exec-5] INFO  c.a.b.infra.service.EnderecoService - Junção da lista - buscas e - userBuscas realizada com sucesso.
2025-04-07 01:16:55 [http-nio-9090-exec-2] INFO  c.a.b.controller.EnderecoController - Requisição para listar todos os endereços salvos no db com token para autenticar usuário.
2025-04-07 01:16:55 [http-nio-9090-exec-2] INFO  c.a.b.controller.EnderecoController - Usuário autenticado com sucesso.
2025-04-07 01:16:55 [http-nio-9090-exec-2] INFO  c.a.b.infra.service.BuscaService - Método salvarBusca chamado.
2025-04-07 01:16:55 [http-nio-9090-exec-2] INFO  c.a.b.infra.service.BuscaService - Instância de busca com data/hora e user criada e setada corretamente e salva no banco de dados.
2025-04-07 01:16:55 [http-nio-9090-exec-2] INFO  c.a.b.infra.service.EnderecoService - Busca por listagem de endereços requisitada por usuário: alex foi salva no DB.
2025-04-07 01:16:55 [http-nio-9090-exec-2] INFO  c.a.b.infra.service.EnderecoService - Busca por todos os registros de buscas atreladas à um endereço e a um usuário realizada.
2025-04-07 01:16:55 [http-nio-9090-exec-2] INFO  c.a.b.infra.service.EnderecoService - Busca por todos os registros de buscas feitas por um usuário realizada.
2025-04-07 01:16:55 [http-nio-9090-exec-2] INFO  c.a.b.infra.service.EnderecoService - Junção da lista - buscas e - userBuscas realizada com sucesso.
2025-04-07 01:23:21 [http-nio-9090-exec-1] INFO  c.a.b.controller.EnderecoController - Requisição para listar todos os endereços salvos no db com token para autenticar usuário.
2025-04-07 01:23:21 [http-nio-9090-exec-1] INFO  c.a.b.controller.EnderecoController - Usuário autenticado com sucesso.
2025-04-07 01:23:21 [http-nio-9090-exec-1] INFO  c.a.b.infra.service.BuscaService - Método salvarBusca chamado.
2025-04-07 01:23:21 [http-nio-9090-exec-1] INFO  c.a.b.infra.service.BuscaService - Instância de busca com data/hora e user criada e setada corretamente e salva no banco de dados.
2025-04-07 01:23:21 [http-nio-9090-exec-1] INFO  c.a.b.infra.service.EnderecoService - Busca por listagem de endereços requisitada por usuário: alex foi salva no DB.
2025-04-07 01:23:21 [http-nio-9090-exec-1] INFO  c.a.b.infra.service.EnderecoService - Busca por todos os registros de buscas atreladas à um endereço e a um usuário realizada.
2025-04-07 01:25:19 [http-nio-9090-exec-1] INFO  c.a.b.controller.EnderecoController - Requisição para listar todos os endereços salvos no db com token para autenticar usuário.
2025-04-07 01:25:19 [http-nio-9090-exec-1] INFO  c.a.b.controller.EnderecoController - Usuário autenticado com sucesso.
2025-04-07 01:25:19 [http-nio-9090-exec-1] INFO  c.a.b.infra.service.BuscaService - Método salvarBusca chamado.
2025-04-07 01:25:19 [http-nio-9090-exec-1] INFO  c.a.b.infra.service.BuscaService - Instância de busca com data/hora e user criada e setada corretamente e salva no banco de dados.
2025-04-07 01:25:19 [http-nio-9090-exec-1] INFO  c.a.b.infra.service.EnderecoService - Busca por listagem de endereços requisitada por usuário: alex foi salva no DB.
2025-04-07 01:25:19 [http-nio-9090-exec-1] INFO  c.a.b.infra.service.EnderecoService - Busca por todos os registros de buscas atreladas à um endereço e a um usuário realizada.
2025-04-07 01:41:03 [http-nio-9090-exec-1] INFO  c.a.b.controller.BuscaController - Requisição para listar histórico de buscas registradas no db com token para autenticar usuário.
2025-04-07 01:41:03 [http-nio-9090-exec-1] INFO  c.a.b.controller.BuscaController - Usuário autenticado com sucesso.
2025-04-07 01:41:03 [http-nio-9090-exec-1] INFO  c.a.b.infra.service.BuscaService - Requisição por histórico de buscas requisitada por usuário: alex foi salva no DB.
2025-04-07 01:41:03 [http-nio-9090-exec-1] INFO  c.a.b.infra.service.BuscaService - Histórico de buscas recebido.
2025-04-07 01:41:59 [http-nio-9090-exec-2] INFO  c.a.b.controller.BuscaController - Requisição para listar histórico de buscas registradas no db com token para autenticar usuário.
2025-04-07 01:41:59 [http-nio-9090-exec-2] INFO  c.a.b.controller.BuscaController - Usuário autenticado com sucesso.
2025-04-07 01:41:59 [http-nio-9090-exec-2] INFO  c.a.b.infra.service.BuscaService - Requisição por histórico de buscas requisitada por usuário: alex foi salva no DB.
2025-04-07 01:41:59 [http-nio-9090-exec-2] INFO  c.a.b.infra.service.BuscaService - Histórico de buscas recebido.
2025-04-07 01:42:59 [http-nio-9090-exec-1] INFO  c.a.b.controller.BuscaController - Requisição para listar histórico de buscas registradas no db com token para autenticar usuário.
2025-04-07 01:42:59 [http-nio-9090-exec-1] INFO  c.a.b.controller.BuscaController - Usuário autenticado com sucesso.
2025-04-07 01:42:59 [http-nio-9090-exec-1] INFO  c.a.b.infra.service.BuscaService - Requisição por histórico de buscas requisitada por usuário: alex foi salva no DB.
2025-04-07 01:42:59 [http-nio-9090-exec-1] INFO  c.a.b.infra.service.BuscaService - Histórico de buscas recebido.
2025-04-07 01:43:59 [http-nio-9090-exec-1] INFO  c.a.b.controller.BuscaController - Requisição para listar histórico de buscas registradas no db com token para autenticar usuário.
2025-04-07 01:43:59 [http-nio-9090-exec-1] INFO  c.a.b.controller.BuscaController - Usuário autenticado com sucesso.
2025-04-07 01:43:59 [http-nio-9090-exec-1] INFO  c.a.b.infra.service.BuscaService - Requisição por histórico de buscas requisitada por usuário: alex foi salva no DB.
2025-04-07 01:43:59 [http-nio-9090-exec-1] INFO  c.a.b.infra.service.BuscaService - Histórico de buscas recebido.
2025-04-07 01:44:29 [http-nio-9090-exec-3] INFO  c.a.b.controller.EnderecoController - Requisição para listar todos os endereços salvos no db com token para autenticar usuário.
2025-04-07 01:44:29 [http-nio-9090-exec-3] INFO  c.a.b.controller.EnderecoController - Usuário autenticado com sucesso.
2025-04-07 01:44:29 [http-nio-9090-exec-3] INFO  c.a.b.infra.service.BuscaService - Método salvarBusca chamado.
2025-04-07 01:44:30 [http-nio-9090-exec-3] INFO  c.a.b.infra.service.BuscaService - Instância de busca com data/hora e user criada e setada corretamente e salva no banco de dados.
2025-04-07 01:44:30 [http-nio-9090-exec-3] INFO  c.a.b.infra.service.EnderecoService - Busca por listagem de endereços requisitada por usuário: alex foi salva no DB.
2025-04-07 01:44:30 [http-nio-9090-exec-3] INFO  c.a.b.infra.service.EnderecoService - Busca por todos os endereços realizada.
2025-04-07 01:44:34 [http-nio-9090-exec-4] INFO  c.a.b.controller.BuscaController - Requisição para listar histórico de buscas registradas no db com token para autenticar usuário.
2025-04-07 01:44:34 [http-nio-9090-exec-4] INFO  c.a.b.controller.BuscaController - Usuário autenticado com sucesso.
2025-04-07 01:44:34 [http-nio-9090-exec-4] INFO  c.a.b.infra.service.BuscaService - Requisição por histórico de buscas requisitada por usuário: alex foi salva no DB.
2025-04-07 01:44:34 [http-nio-9090-exec-4] INFO  c.a.b.infra.service.BuscaService - Histórico de buscas recebido.
