2025-06-06 13:05:22 [main] INFO  c.a.b.i.s.SecurityConfigurations$$SpringCGLIB$$0 - authenticationManager acionado.
2025-06-06 13:05:22 [main] INFO  c.a.b.i.s.SecurityConfigurations$$SpringCGLIB$$0 - passwordEncoder acionado.
2025-06-06 18:31:13 [main] INFO  c.a.b.i.s.SecurityConfigurations$$SpringCGLIB$$0 - authenticationManager acionado.
2025-06-06 18:31:13 [main] INFO  c.a.b.i.s.SecurityConfigurations$$SpringCGLIB$$0 - passwordEncoder acionado.
2025-06-06 18:33:53 [main] INFO  c.a.b.i.s.SecurityConfigurations$$SpringCGLIB$$0 - authenticationManager acionado.
2025-06-06 18:33:53 [main] INFO  c.a.b.i.s.SecurityConfigurations$$SpringCGLIB$$0 - passwordEncoder acionado.
2025-06-06 18:35:22 [http-nio-8080-exec-1] INFO  c.a.b.infra.security.SecurityFilter - doFilterInternal acionado, requisição recebida com o token: null
2025-06-06 18:35:22 [http-nio-8080-exec-2] INFO  c.a.b.infra.security.SecurityFilter - doFilterInternal acionado, requisição recebida com o token: null
2025-06-06 18:35:22 [http-nio-8080-exec-3] INFO  c.a.b.infra.security.SecurityFilter - doFilterInternal acionado, requisição recebida com o token: null
2025-06-06 18:35:22 [http-nio-8080-exec-4] INFO  c.a.b.infra.security.SecurityFilter - doFilterInternal acionado, requisição recebida com o token: null
2025-06-06 18:35:22 [http-nio-8080-exec-5] INFO  c.a.b.infra.security.SecurityFilter - doFilterInternal acionado, requisição recebida com o token: null
2025-06-06 18:35:22 [http-nio-8080-exec-7] INFO  c.a.b.infra.security.SecurityFilter - doFilterInternal acionado, requisição recebida com o token: null
2025-06-06 18:35:22 [http-nio-8080-exec-6] INFO  c.a.b.infra.security.SecurityFilter - doFilterInternal acionado, requisição recebida com o token: null
2025-06-06 18:35:23 [http-nio-8080-exec-8] INFO  c.a.b.infra.security.SecurityFilter - doFilterInternal acionado, requisição recebida com o token: null
2025-06-06 18:35:23 [http-nio-8080-exec-9] INFO  c.a.b.infra.security.SecurityFilter - doFilterInternal acionado, requisição recebida com o token: null
2025-06-06 18:35:23 [http-nio-8080-exec-10] INFO  c.a.b.infra.security.SecurityFilter - doFilterInternal acionado, requisição recebida com o token: null
2025-06-06 18:35:48 [http-nio-8080-exec-1] INFO  c.a.b.infra.security.SecurityFilter - doFilterInternal acionado, requisição recebida com o token: null
2025-06-06 18:39:33 [main] INFO  c.a.b.i.s.SecurityConfigurations$$SpringCGLIB$$0 - authenticationManager acionado.
2025-06-06 18:39:33 [main] INFO  c.a.b.i.s.SecurityConfigurations$$SpringCGLIB$$0 - passwordEncoder acionado.
2025-06-06 18:39:39 [http-nio-8080-exec-1] INFO  c.a.b.infra.security.SecurityFilter - doFilterInternal acionado, requisição recebida com o token: null
2025-06-06 18:39:39 [http-nio-8080-exec-2] INFO  c.a.b.infra.security.SecurityFilter - doFilterInternal acionado, requisição recebida com o token: null
2025-06-06 18:39:39 [http-nio-8080-exec-4] INFO  c.a.b.infra.security.SecurityFilter - doFilterInternal acionado, requisição recebida com o token: null
2025-06-06 18:39:39 [http-nio-8080-exec-6] INFO  c.a.b.infra.security.SecurityFilter - doFilterInternal acionado, requisição recebida com o token: null
2025-06-06 18:39:39 [http-nio-8080-exec-3] INFO  c.a.b.infra.security.SecurityFilter - doFilterInternal acionado, requisição recebida com o token: null
2025-06-06 18:39:39 [http-nio-8080-exec-5] INFO  c.a.b.infra.security.SecurityFilter - doFilterInternal acionado, requisição recebida com o token: null
2025-06-06 18:39:40 [http-nio-8080-exec-8] INFO  c.a.b.infra.security.SecurityFilter - doFilterInternal acionado, requisição recebida com o token: null
2025-06-06 18:39:40 [http-nio-8080-exec-7] INFO  c.a.b.infra.security.SecurityFilter - doFilterInternal acionado, requisição recebida com o token: null
2025-06-06 18:39:40 [http-nio-8080-exec-9] INFO  c.a.b.infra.security.SecurityFilter - doFilterInternal acionado, requisição recebida com o token: null
2025-06-06 18:40:01 [http-nio-8080-exec-10] INFO  c.a.b.infra.security.SecurityFilter - doFilterInternal acionado, requisição recebida com o token: null
2025-06-06 18:40:03 [http-nio-8080-exec-1] INFO  c.a.b.infra.security.SecurityFilter - doFilterInternal acionado, requisição recebida com o token: null
2025-06-06 18:41:54 [http-nio-8080-exec-7] INFO  c.a.b.infra.security.SecurityFilter - doFilterInternal acionado, requisição recebida com o token: null
2025-06-06 18:42:32 [main] INFO  c.a.b.i.s.SecurityConfigurations$$SpringCGLIB$$0 - authenticationManager acionado.
2025-06-06 18:42:32 [main] INFO  c.a.b.i.s.SecurityConfigurations$$SpringCGLIB$$0 - passwordEncoder acionado.
2025-06-06 18:42:46 [http-nio-8080-exec-2] INFO  c.a.b.infra.security.SecurityFilter - doFilterInternal acionado, requisição recebida com o token: null
2025-06-06 18:45:36 [main] INFO  c.a.b.i.s.SecurityConfigurations$$SpringCGLIB$$0 - authenticationManager acionado.
2025-06-06 18:45:36 [main] INFO  c.a.b.i.s.SecurityConfigurations$$SpringCGLIB$$0 - passwordEncoder acionado.
2025-06-06 18:45:41 [http-nio-8080-exec-1] INFO  c.a.b.infra.security.SecurityFilter - doFilterInternal acionado, requisição recebida com o token: null
2025-06-06 18:45:42 [http-nio-8080-exec-2] INFO  c.a.b.infra.security.SecurityFilter - doFilterInternal acionado, requisição recebida com o token: null
2025-06-06 18:45:42 [http-nio-8080-exec-3] INFO  c.a.b.infra.security.SecurityFilter - doFilterInternal acionado, requisição recebida com o token: null
2025-06-06 18:45:42 [http-nio-8080-exec-4] INFO  c.a.b.infra.security.SecurityFilter - doFilterInternal acionado, requisição recebida com o token: null
2025-06-06 18:45:42 [http-nio-8080-exec-5] INFO  c.a.b.infra.security.SecurityFilter - doFilterInternal acionado, requisição recebida com o token: null
2025-06-06 18:45:42 [http-nio-8080-exec-6] INFO  c.a.b.infra.security.SecurityFilter - doFilterInternal acionado, requisição recebida com o token: null
2025-06-06 18:45:42 [http-nio-8080-exec-7] INFO  c.a.b.infra.security.SecurityFilter - doFilterInternal acionado, requisição recebida com o token: null
2025-06-06 18:45:42 [http-nio-8080-exec-8] INFO  c.a.b.infra.security.SecurityFilter - doFilterInternal acionado, requisição recebida com o token: null
2025-06-06 18:46:11 [http-nio-8080-exec-9] INFO  c.a.b.infra.security.SecurityFilter - doFilterInternal acionado, requisição recebida com o token: null
2025-06-06 18:46:51 [http-nio-8080-exec-5] INFO  c.a.b.infra.security.SecurityFilter - doFilterInternal acionado, requisição recebida com o token: null
2025-06-06 18:46:51 [http-nio-8080-exec-5] INFO  c.a.b.c.AuthenticationController - Requisição para registro de usuário.
2025-06-06 18:46:51 [http-nio-8080-exec-5] INFO  c.a.b.c.AuthenticationController - Usuário registrado com sucesso.
2025-06-06 18:47:24 [http-nio-8080-exec-4] INFO  c.a.b.infra.security.SecurityFilter - doFilterInternal acionado, requisição recebida com o token: null
2025-06-06 18:47:24 [http-nio-8080-exec-4] INFO  c.a.b.c.AuthenticationController - Requisição de login para usuário: string
2025-06-06 18:47:24 [http-nio-8080-exec-4] INFO  c.a.b.i.service.AuthorizationService - loadUserByUsername acionado, buscando por usuário: string
2025-06-06 18:47:24 [http-nio-8080-exec-4] INFO  c.a.b.c.AuthenticationController - Login bem sucedido e autenticado para o usuário: string.
2025-06-06 18:47:24 [http-nio-8080-exec-4] INFO  c.a.b.infra.service.TokenService - generateToken acionado para o user: string
2025-06-06 18:47:24 [http-nio-8080-exec-4] INFO  c.a.b.infra.service.TokenService - Instância de genExpirationDate criada.
2025-06-06 18:47:24 [http-nio-8080-exec-4] INFO  c.a.b.infra.service.TokenService - TokenJWT criado.
2025-06-06 18:47:24 [http-nio-8080-exec-4] INFO  c.a.b.c.AuthenticationController - Token gerado para o usuário: string
2025-06-06 18:48:09 [http-nio-8080-exec-6] INFO  c.a.b.infra.security.SecurityFilter - doFilterInternal acionado, requisição recebida com o token: eyJhbGciOiJIUzI1NiIsInR5cCI6IkpXVCJ9.eyJpc3MiOiJidXNjYWNlcCIsInN1YiI6InN0cmluZyIsImV4cCI6MTc0OTI1MzY0NH0.BV4vDmefGD-6RYpJsHO4QHjbyO1UYJNrLCBQ8zh_JJ8
2025-06-06 18:48:09 [http-nio-8080-exec-6] INFO  c.a.b.infra.service.TokenService - validateToken acionado.
2025-06-06 18:48:09 [http-nio-8080-exec-6] INFO  c.a.b.infra.security.SecurityFilter - Validando usuário: string, no banco de dados.
2025-06-06 18:53:13 [main] INFO  c.a.b.i.s.SecurityConfigurations$$SpringCGLIB$$0 - authenticationManager acionado.
2025-06-06 18:53:13 [main] INFO  c.a.b.i.s.SecurityConfigurations$$SpringCGLIB$$0 - passwordEncoder acionado.
2025-06-06 18:53:33 [http-nio-8080-exec-1] INFO  c.a.b.infra.security.SecurityFilter - doFilterInternal acionado, requisição recebida com o token: eyJhbGciOiJIUzI1NiIsInR5cCI6IkpXVCJ9.eyJpc3MiOiJidXNjYWNlcCIsInN1YiI6InN0cmluZyIsImV4cCI6MTc0OTI1MzY0NH0.BV4vDmefGD-6RYpJsHO4QHjbyO1UYJNrLCBQ8zh_JJ8
2025-06-06 18:53:33 [http-nio-8080-exec-1] INFO  c.a.b.infra.service.TokenService - validateToken acionado.
2025-06-06 18:53:33 [http-nio-8080-exec-1] INFO  c.a.b.infra.security.SecurityFilter - Validando usuário: string, no banco de dados.
2025-06-06 18:53:35 [http-nio-8080-exec-2] INFO  c.a.b.infra.security.SecurityFilter - doFilterInternal acionado, requisição recebida com o token: null
2025-06-06 18:53:35 [http-nio-8080-exec-3] INFO  c.a.b.infra.security.SecurityFilter - doFilterInternal acionado, requisição recebida com o token: null
2025-06-06 18:53:35 [http-nio-8080-exec-4] INFO  c.a.b.infra.security.SecurityFilter - doFilterInternal acionado, requisição recebida com o token: null
2025-06-06 18:53:35 [http-nio-8080-exec-5] INFO  c.a.b.infra.security.SecurityFilter - doFilterInternal acionado, requisição recebida com o token: null
2025-06-06 18:53:35 [http-nio-8080-exec-6] INFO  c.a.b.infra.security.SecurityFilter - doFilterInternal acionado, requisição recebida com o token: null
2025-06-06 18:53:35 [http-nio-8080-exec-3] INFO  c.a.b.infra.security.SecurityFilter - doFilterInternal acionado, requisição recebida com o token: null
2025-06-06 18:53:35 [http-nio-8080-exec-8] INFO  c.a.b.infra.security.SecurityFilter - doFilterInternal acionado, requisição recebida com o token: null
2025-06-06 18:53:35 [http-nio-8080-exec-9] INFO  c.a.b.infra.security.SecurityFilter - doFilterInternal acionado, requisição recebida com o token: null
2025-06-06 18:53:35 [http-nio-8080-exec-10] INFO  c.a.b.infra.security.SecurityFilter - doFilterInternal acionado, requisição recebida com o token: null
2025-06-06 18:54:02 [http-nio-8080-exec-1] INFO  c.a.b.infra.security.SecurityFilter - doFilterInternal acionado, requisição recebida com o token: null
2025-06-06 18:54:02 [http-nio-8080-exec-1] INFO  c.a.b.c.AuthenticationController - Requisição para registro de usuário.
2025-06-06 18:54:02 [http-nio-8080-exec-1] INFO  c.a.b.c.AuthenticationController - Usuário registrado com sucesso.
2025-06-06 18:54:04 [http-nio-8080-exec-2] INFO  c.a.b.infra.security.SecurityFilter - doFilterInternal acionado, requisição recebida com o token: null
2025-06-06 18:54:04 [http-nio-8080-exec-2] INFO  c.a.b.c.AuthenticationController - Requisição para registro de usuário.
2025-06-06 18:54:04 [http-nio-8080-exec-2] INFO  c.a.b.c.AuthenticationController - Usuário registrado com sucesso.
2025-06-06 18:54:22 [http-nio-8080-exec-7] INFO  c.a.b.infra.security.SecurityFilter - doFilterInternal acionado, requisição recebida com o token: null
2025-06-06 18:54:22 [http-nio-8080-exec-7] INFO  c.a.b.c.AuthenticationController - Requisição de login para usuário: string
2025-06-06 18:54:22 [http-nio-8080-exec-7] INFO  c.a.b.i.service.AuthorizationService - loadUserByUsername acionado, buscando por usuário: string
2025-06-06 18:54:23 [http-nio-8080-exec-7] INFO  c.a.b.c.AuthenticationController - Login bem sucedido e autenticado para o usuário: string.
2025-06-06 18:54:23 [http-nio-8080-exec-7] INFO  c.a.b.infra.service.TokenService - generateToken acionado para o user: string
2025-06-06 18:54:23 [http-nio-8080-exec-7] INFO  c.a.b.infra.service.TokenService - Instância de genExpirationDate criada.
2025-06-06 18:54:23 [http-nio-8080-exec-7] INFO  c.a.b.infra.service.TokenService - TokenJWT criado.
2025-06-06 18:54:23 [http-nio-8080-exec-7] INFO  c.a.b.c.AuthenticationController - Token gerado para o usuário: string
2025-06-06 18:55:01 [http-nio-8080-exec-9] INFO  c.a.b.infra.security.SecurityFilter - doFilterInternal acionado, requisição recebida com o token: eyJhbGciOiJIUzI1NiIsInR5cCI6IkpXVCJ9.eyJpc3MiOiJidXNjYWNlcCIsInN1YiI6InN0cmluZyIsImV4cCI6MTc0OTI1NDA2M30.qOBphHmbEXd1k9HlRLR0k00MgwNLy5LEwgH207efHF0
2025-06-06 18:55:01 [http-nio-8080-exec-9] INFO  c.a.b.infra.service.TokenService - validateToken acionado.
2025-06-06 18:55:01 [http-nio-8080-exec-9] INFO  c.a.b.infra.security.SecurityFilter - Validando usuário: string, no banco de dados.
2025-06-06 18:55:01 [http-nio-8080-exec-9] INFO  c.a.b.infra.service.LogReportService - Relatório gerado com sucesso
